2019-12-11 15:12:235 INFO  TestBase:44 - ============Starting the SUITE execution============
2019-12-11 15:12:244 INFO  TestBase:52 - ============Starting the TESTS execution============
2019-12-11 15:12:264 INFO  TestBase:71 - ============Launching the browser============
2019-12-11 15:12:586 INFO  TestBase:76 - ============checkHomeLinkNavigation_ID22============Started============
2019-12-11 15:12:163 INFO  TestBase:135 - Visiting to this URL = http://newtours.demoaut.com/	
2019-12-11 15:12:201 INFO  HomePage:23 -  HomePage Class Object Created
2019-12-11 15:12:202 INFO  HomePage:168 - Clicking On Home Link
2019-12-11 15:12:917 INFO  WelcomePage:21 - WelcomePage Class Object Created
2019-12-11 15:12:928 INFO  TestScriptSet1:66 - Verifying navigated url='http://newtours.demoaut.com/mercurywelcome.php?osCsid=84727eb4543e4968e57d5fc87a4112d2' is equals to='http://newtours.demoaut.com/mercurywelcome.php'
2019-12-11 15:12:932 INFO  AssertionHelper:106 - Test is <<PASSED>>
2019-12-11 15:12:937 INFO  TestBase:93 - ============checkHomeLinkNavigation_ID22============Finished============
2019-12-11 15:12:938 INFO  TestBase:98 - ============Closing the browser============
2019-12-11 15:12:935 INFO  TestBase:58 - ============Ending the TESTS execution============
2019-12-11 15:12:15 INFO  TestBase:112 - ============Ending the suite execution============
2019-12-11 15:12:829 INFO  TestBase:44 - ============Starting the SUITE execution============
2019-12-11 15:12:844 INFO  TestBase:52 - ============Starting the TESTS execution============
2019-12-11 15:12:859 INFO  TestBase:71 - ============Launching the browser============
2019-12-11 15:12:254 INFO  TestBase:76 - ============checkHomeLinkNavigation_ID22============Started============
2019-12-11 15:12:821 INFO  TestBase:135 - Visiting to this URL = http://newtours.demoaut.com/	
2019-12-11 15:12:850 INFO  HomePage:23 -  HomePage Class Object Created
2019-12-11 15:12:852 INFO  HomePage:168 - Clicking On Home Link
2019-12-11 15:12:910 INFO  WelcomePage:21 - WelcomePage Class Object Created
2019-12-11 15:12:922 INFO  TestScriptSet1:66 - Verifying navigated url='http://newtours.demoaut.com/mercurywelcome.php?osCsid=33bff670fa0e75110e714127585d0d18' is equals to='http://newtours.demoaut.com/mercurywelcome.php'
2019-12-11 15:12:927 INFO  AssertionHelper:106 - Test is <<PASSED>>
2019-12-11 15:12:935 INFO  TestBase:93 - ============checkHomeLinkNavigation_ID22============Finished============
2019-12-11 15:12:936 INFO  TestBase:98 - ============Closing the browser============
2019-12-11 15:12:850 INFO  TestBase:58 - ============Ending the TESTS execution============
2019-12-11 15:12:890 INFO  TestBase:112 - ============Ending the suite execution============
